<?xml version="1.0" encoding="UTF-8"?>
<!-- Generated by org.testng.reporters.JUnitReportReporter -->
<testsuite skipped="0" hostname="ES-PUN-LT-249" name="EsPoc.EarlySalary.BrokenLink.BrokenLinks" tests="1" failures="0" timestamp="13 May 2021 02:47:06 GMT" time="118.795" errors="0">
  <testcase name="findBrokenLinks" time="118.795" classname="EsPoc.EarlySalary.BrokenLink.BrokenLinks"/>
</testsuite> <!-- EsPoc.EarlySalary.BrokenLink.BrokenLinks -->
