<?xml version="1.0" encoding="UTF-8"?>
<!-- Generated by org.testng.reporters.JUnitReportReporter -->
<testsuite skipped="0" hostname="ES-PUN-LT-249" name="EsPoc.EarlySalary.BrokenLink.BrokenLinks" tests="1" failures="0" timestamp="17 May 2021 04:21:05 GMT" time="183.542" errors="0">
  <testcase name="findBrokenLinks" time="183.542" classname="EsPoc.EarlySalary.BrokenLink.BrokenLinks"/>
</testsuite> <!-- EsPoc.EarlySalary.BrokenLink.BrokenLinks -->
