<?xml version="1.0" encoding="UTF-8"?>
<!-- Generated by org.testng.reporters.JUnitReportReporter -->
<testsuite skipped="0" hostname="ES-PUN-LT-249" name="EsPoc.EarlySalary.earlySalary.EarlySalaryTest" tests="5" failures="0" timestamp="03 Jun 2021 06:31:05 GMT" time="52.621" errors="0">
  <testcase name="verifyCityFromList" time="41.197" classname="EsPoc.EarlySalary.earlySalary.EarlySalaryTest"/>
  <testcase name="verifyCityAvailibility" time="4.413" classname="EsPoc.EarlySalary.earlySalary.EarlySalaryTest"/>
  <testcase name="verifyCityTemp" time="2.073" classname="EsPoc.EarlySalary.earlySalary.EarlySalaryTest"/>
  <testcase name="verifyAPIReturnTemp" time="4.937" classname="EsPoc.EarlySalary.earlySalary.EarlySalaryTest"/>
  <testcase name="verifyDifference" time="0.001" classname="EsPoc.EarlySalary.earlySalary.EarlySalaryTest"/>
</testsuite> <!-- EsPoc.EarlySalary.earlySalary.EarlySalaryTest -->
