<?xml version="1.0" encoding="UTF-8"?>
<!-- Generated by org.testng.reporters.JUnitReportReporter -->
<testsuite skipped="0" hostname="ES-PUN-LT-249" name="Test.Assignment.Test.AssignmentTest" tests="5" failures="0" timestamp="04 Jun 2021 04:40:37 GMT" time="62.043" errors="0">
  <testcase name="verifyCityFromList" time="49.445" classname="Test.Assignment.Test.AssignmentTest"/>
  <testcase name="verifyCityAvailibility" time="4.562" classname="Test.Assignment.Test.AssignmentTest"/>
  <testcase name="verifyCityTemp" time="2.179" classname="Test.Assignment.Test.AssignmentTest"/>
  <testcase name="verifyAPIReturnTemp" time="5.856" classname="Test.Assignment.Test.AssignmentTest"/>
  <testcase name="verifyDifference" time="0.001" classname="Test.Assignment.Test.AssignmentTest"/>
</testsuite> <!-- Test.Assignment.Test.AssignmentTest -->
